-------------------------------------------------------------------------------
Test set: com.abr_arn_project.ARNTest
-------------------------------------------------------------------------------
Tests run: 11, Failures: 3, Errors: 1, Skipped: 0, Time elapsed: 0.141 s <<< FAILURE! -- in com.abr_arn_project.ARNTest
com.abr_arn_project.ARNTest.testAddNull -- Time elapsed: 0.080 s <<< FAILURE!
org.opentest4j.AssertionFailedError: Expected java.lang.IllegalArgumentException to be thrown, but nothing was thrown.
	at org.junit.jupiter.api.AssertionFailureBuilder.build(AssertionFailureBuilder.java:152)
	at org.junit.jupiter.api.AssertThrows.assertThrows(AssertThrows.java:73)
	at org.junit.jupiter.api.AssertThrows.assertThrows(AssertThrows.java:35)
	at org.junit.jupiter.api.Assertions.assertThrows(Assertions.java:3111)
	at com.abr_arn_project.ARNTest.testAddNull(ARNTest.java:93)
	at java.base/java.lang.reflect.Method.invoke(Method.java:580)
	at java.base/java.util.ArrayList.forEach(ArrayList.java:1596)
	at java.base/java.util.ArrayList.forEach(ArrayList.java:1596)

com.abr_arn_project.ARNTest.testContainsNull -- Time elapsed: 0.003 s <<< ERROR!
java.lang.NullPointerException: Cannot read field "value" because "anotherInteger" is null
	at java.base/java.lang.Integer.compareTo(Integer.java:1466)
	at java.base/java.lang.Integer.compareTo(Integer.java:72)
	at com.abr_arn_project.ARN.lambda$new$0(ARN.java:102)
	at com.abr_arn_project.ARN.rechercher(ARN.java:144)
	at com.abr_arn_project.ARN.contains(ARN.java:287)
	at com.abr_arn_project.ARNTest.testContainsNull(ARNTest.java:104)
	at java.base/java.lang.reflect.Method.invoke(Method.java:580)
	at java.base/java.util.ArrayList.forEach(ArrayList.java:1596)
	at java.base/java.util.ArrayList.forEach(ArrayList.java:1596)

com.abr_arn_project.ARNTest.testAddAllNull -- Time elapsed: 0.008 s <<< FAILURE!
org.opentest4j.AssertionFailedError: Unexpected exception type thrown, expected: <java.lang.IllegalArgumentException> but was: <java.lang.NullPointerException>
	at org.junit.jupiter.api.AssertionFailureBuilder.build(AssertionFailureBuilder.java:151)
	at org.junit.jupiter.api.AssertThrows.assertThrows(AssertThrows.java:67)
	at org.junit.jupiter.api.AssertThrows.assertThrows(AssertThrows.java:35)
	at org.junit.jupiter.api.Assertions.assertThrows(Assertions.java:3111)
	at com.abr_arn_project.ARNTest.testAddAllNull(ARNTest.java:98)
	at java.base/java.lang.reflect.Method.invoke(Method.java:580)
	at java.base/java.util.ArrayList.forEach(ArrayList.java:1596)
	at java.base/java.util.ArrayList.forEach(ArrayList.java:1596)
Caused by: java.lang.NullPointerException: Cannot invoke "java.util.Collection.iterator()" because "c" is null
	at com.abr_arn_project.ARN.addAll(ARN.java:277)
	at com.abr_arn_project.ARNTest.lambda$testAddAllNull$1(ARNTest.java:98)
	at org.junit.jupiter.api.AssertThrows.assertThrows(AssertThrows.java:53)
	... 6 more

com.abr_arn_project.ARNTest.testIterator -- Time elapsed: 0.003 s <<< FAILURE!
org.opentest4j.AssertionFailedError: expected: <10> but was: <20>
	at org.junit.jupiter.api.AssertionFailureBuilder.build(AssertionFailureBuilder.java:151)
	at org.junit.jupiter.api.AssertionFailureBuilder.buildAndThrow(AssertionFailureBuilder.java:132)
	at org.junit.jupiter.api.AssertEquals.failNotEqual(AssertEquals.java:197)
	at org.junit.jupiter.api.AssertEquals.assertEquals(AssertEquals.java:182)
	at org.junit.jupiter.api.AssertEquals.assertEquals(AssertEquals.java:177)
	at org.junit.jupiter.api.Assertions.assertEquals(Assertions.java:534)
	at com.abr_arn_project.ARNTest.testIterator(ARNTest.java:67)
	at java.base/java.lang.reflect.Method.invoke(Method.java:580)
	at java.base/java.util.ArrayList.forEach(ArrayList.java:1596)
	at java.base/java.util.ArrayList.forEach(ArrayList.java:1596)

