<?xml version="1.0" encoding="UTF-8"?>
<testsuite xmlns:xsi="http://www.w3.org/2001/XMLSchema-instance" xsi:noNamespaceSchemaLocation="https://maven.apache.org/surefire/maven-surefire-plugin/xsd/surefire-test-report-3.0.xsd" version="3.0" name="com.abr_arn_project.MainTest" time="0.07" tests="12" errors="0" skipped="0" failures="0">
  <properties>
[...]
</properties>
  <testcase name="testARNSize" classname="com.abr_arn_project.MainTest" time="0.003"/>
  <testcase name="testABRAddAll" classname="com.abr_arn_project.MainTest" time="0.021"/>
  <testcase name="testABRRemove" classname="com.abr_arn_project.MainTest" time="0.003"/>
  <testcase name="testARNInsertion" classname="com.abr_arn_project.MainTest" time="0.006"/>
  <testcase name="testABRClear" classname="com.abr_arn_project.MainTest" time="0.002"/>
  <testcase name="testARNIterator" classname="com.abr_arn_project.MainTest" time="0.001"/>
  <testcase name="testARNClear" classname="com.abr_arn_project.MainTest" time="0.001"/>
  <testcase name="testABRIterator" classname="com.abr_arn_project.MainTest" time="0.001"/>
  <testcase name="testABRInsertion" classname="com.abr_arn_project.MainTest" time="0.002"/>
  <testcase name="testARNAddAll" classname="com.abr_arn_project.MainTest" time="0.001"/>
  <testcase name="testARNRemove" classname="com.abr_arn_project.MainTest" time="0.001"/>
  <testcase name="testABRSize" classname="com.abr_arn_project.MainTest" time="0.002"/>
</testsuite>