<?xml version="1.0" encoding="UTF-8"?>
<testsuite xmlns:xsi="http://www.w3.org/2001/XMLSchema-instance" xsi:noNamespaceSchemaLocation="https://maven.apache.org/surefire/maven-surefire-plugin/xsd/surefire-test-report-3.0.xsd" version="3.0" name="com.abr_arn_project.ARNTest" time="0.141" tests="11" errors="1" skipped="0" failures="3">
  <properties>
[...]
</properties>
  <testcase name="testRemoveNotImplemented" classname="com.abr_arn_project.ARNTest" time="0.002"/>
  <testcase name="testAddNull" classname="com.abr_arn_project.ARNTest" time="0.08">
    <failure message="Expected java.lang.IllegalArgumentException to be thrown, but nothing was thrown." type="org.opentest4j.AssertionFailedError"><![CDATA[org.opentest4j.AssertionFailedError: Expected java.lang.IllegalArgumentException to be thrown, but nothing was thrown.
	at org.junit.jupiter.api.AssertionFailureBuilder.build(AssertionFailureBuilder.java:152)
	at org.junit.jupiter.api.AssertThrows.assertThrows(AssertThrows.java:73)
	at org.junit.jupiter.api.AssertThrows.assertThrows(AssertThrows.java:35)
	at org.junit.jupiter.api.Assertions.assertThrows(Assertions.java:3111)
	at com.abr_arn_project.ARNTest.testAddNull(ARNTest.java:93)
	at java.base/java.lang.reflect.Method.invoke(Method.java:580)
	at java.base/java.util.ArrayList.forEach(ArrayList.java:1596)
	at java.base/java.util.ArrayList.forEach(ArrayList.java:1596)
]]></failure>
  </testcase>
  <testcase name="testAdd" classname="com.abr_arn_project.ARNTest" time="0.002"/>
  <testcase name="testClear" classname="com.abr_arn_project.ARNTest" time="0.001"/>
  <testcase name="testSize" classname="com.abr_arn_project.ARNTest" time="0.001"/>
  <testcase name="testContainsNull" classname="com.abr_arn_project.ARNTest" time="0.003">
    <error message="Cannot read field &quot;value&quot; because &quot;anotherInteger&quot; is null" type="java.lang.NullPointerException"><![CDATA[java.lang.NullPointerException: Cannot read field "value" because "anotherInteger" is null
	at java.base/java.lang.Integer.compareTo(Integer.java:1466)
	at java.base/java.lang.Integer.compareTo(Integer.java:72)
	at com.abr_arn_project.ARN.lambda$new$0(ARN.java:102)
	at com.abr_arn_project.ARN.rechercher(ARN.java:144)
	at com.abr_arn_project.ARN.contains(ARN.java:287)
	at com.abr_arn_project.ARNTest.testContainsNull(ARNTest.java:104)
	at java.base/java.lang.reflect.Method.invoke(Method.java:580)
	at java.base/java.util.ArrayList.forEach(ArrayList.java:1596)
	at java.base/java.util.ArrayList.forEach(ArrayList.java:1596)
]]></error>
  </testcase>
  <testcase name="testToString" classname="com.abr_arn_project.ARNTest" time="0.003"/>
  <testcase name="testContains" classname="com.abr_arn_project.ARNTest" time="0.001"/>
  <testcase name="testAddAllNull" classname="com.abr_arn_project.ARNTest" time="0.008">
    <failure message="Unexpected exception type thrown, expected: &lt;java.lang.IllegalArgumentException&gt; but was: &lt;java.lang.NullPointerException&gt;" type="org.opentest4j.AssertionFailedError"><![CDATA[org.opentest4j.AssertionFailedError: Unexpected exception type thrown, expected: <java.lang.IllegalArgumentException> but was: <java.lang.NullPointerException>
	at org.junit.jupiter.api.AssertionFailureBuilder.build(AssertionFailureBuilder.java:151)
	at org.junit.jupiter.api.AssertThrows.assertThrows(AssertThrows.java:67)
	at org.junit.jupiter.api.AssertThrows.assertThrows(AssertThrows.java:35)
	at org.junit.jupiter.api.Assertions.assertThrows(Assertions.java:3111)
	at com.abr_arn_project.ARNTest.testAddAllNull(ARNTest.java:98)
	at java.base/java.lang.reflect.Method.invoke(Method.java:580)
	at java.base/java.util.ArrayList.forEach(ArrayList.java:1596)
	at java.base/java.util.ArrayList.forEach(ArrayList.java:1596)
Caused by: java.lang.NullPointerException: Cannot invoke "java.util.Collection.iterator()" because "c" is null
	at com.abr_arn_project.ARN.addAll(ARN.java:277)
	at com.abr_arn_project.ARNTest.lambda$testAddAllNull$1(ARNTest.java:98)
	at org.junit.jupiter.api.AssertThrows.assertThrows(AssertThrows.java:53)
	... 6 more
]]></failure>
  </testcase>
  <testcase name="testAddAll" classname="com.abr_arn_project.ARNTest" time="0.003"/>
  <testcase name="testIterator" classname="com.abr_arn_project.ARNTest" time="0.003">
    <failure message="expected: &lt;10&gt; but was: &lt;20&gt;" type="org.opentest4j.AssertionFailedError"><![CDATA[org.opentest4j.AssertionFailedError: expected: <10> but was: <20>
	at org.junit.jupiter.api.AssertionFailureBuilder.build(AssertionFailureBuilder.java:151)
	at org.junit.jupiter.api.AssertionFailureBuilder.buildAndThrow(AssertionFailureBuilder.java:132)
	at org.junit.jupiter.api.AssertEquals.failNotEqual(AssertEquals.java:197)
	at org.junit.jupiter.api.AssertEquals.assertEquals(AssertEquals.java:182)
	at org.junit.jupiter.api.AssertEquals.assertEquals(AssertEquals.java:177)
	at org.junit.jupiter.api.Assertions.assertEquals(Assertions.java:534)
	at com.abr_arn_project.ARNTest.testIterator(ARNTest.java:67)
	at java.base/java.lang.reflect.Method.invoke(Method.java:580)
	at java.base/java.util.ArrayList.forEach(ArrayList.java:1596)
	at java.base/java.util.ArrayList.forEach(ArrayList.java:1596)
]]></failure>
  </testcase>
</testsuite>